2023-10-14 11:01:56 ip-172-31-14-18 INFO Running AuTuMN task
2023-10-14 11:02:07 ip-172-31-14-18 WARNING Matplotlib is building the font cache; this may take a moment.
2023-10-14 11:02:48 ip-172-31-14-18 INFO generated new fontManager
2023-10-14 11:03:13 ip-172-31-14-18 INFO Unable to initialize backend 'cuda': module 'jaxlib.xla_extension' has no attribute 'GpuAllocatorConfig'
2023-10-14 11:03:13 ip-172-31-14-18 INFO Unable to initialize backend 'rocm': module 'jaxlib.xla_extension' has no attribute 'GpuAllocatorConfig'
2023-10-14 11:03:13 ip-172-31-14-18 INFO Unable to initialize backend 'tpu': INTERNAL: Failed to open libtpu.so: libtpu.so: cannot open shared object file: No such file or directory
2023-10-14 11:04:41 ip-172-31-14-18 INFO Compiling new CVM
2023-10-14 11:04:41 ip-172-31-14-18 INFO New version 0.212
2023-10-14 11:05:27 ip-172-31-14-18 INFO Multiprocess sampling (8 chains in 8 jobs)
2023-10-14 11:05:27 ip-172-31-14-18 INFO DEMetropolisZ: [contact_rate, latent_period, infectious_period, natural_immunity_period, start_cdr, imm_infect_protect, ifr_adjuster, ba1_seed_time, ba2_seed_time, ba5_seed_time, ba2_escape, ba5_escape, ba2_rel_ifr, wa_reopen_period, notifs_mean, deaths_mean, imm_prop, notifications_ma_dispersion, deaths_ma_dispersion]
2023-10-14 13:20:52 ip-172-31-14-18 INFO Sampling 8 chains for 10_000 tune and 20_000 draw iterations (80_000 + 160_000 draws total) took 8123 seconds.
2023-10-14 13:20:59 ip-172-31-14-18 INFO The rhat statistic is larger than 1.01 for some parameters. This indicates problems during sampling. See https://arxiv.org/abs/1903.08008 for details
2023-10-14 13:20:59 ip-172-31-14-18 ERROR The effective sample size per chain is smaller than 100 for some parameters.  A higher number is needed for reliable rhat and ess computation. See https://arxiv.org/abs/1903.08008 for details
2023-10-14 13:29:21 ip-172-31-14-18 INFO Calibration complete
2023-10-14 13:29:21 ip-172-31-14-18 INFO Task completed
2023-10-14 13:29:21 ip-172-31-14-18 INFO Uploading from /home/ubuntu/taskdata/log/task.log to projects/aust_covid/alternate_analyses/2023-10-14T1058-none-d20k-t10k-b5k/log/task.log
2023-10-14 13:29:21 ip-172-31-14-18 INFO Uploading from /home/ubuntu/taskdata/output/results.hdf to projects/aust_covid/alternate_analyses/2023-10-14T1058-none-d20k-t10k-b5k/output/results.hdf
2023-10-14 13:29:21 ip-172-31-14-18 INFO Uploading from /home/ubuntu/taskdata/output/calib_extract_out.h5 to projects/aust_covid/alternate_analyses/2023-10-14T1058-none-d20k-t10k-b5k/output/calib_extract_out.h5
2023-10-14 13:29:21 ip-172-31-14-18 INFO Uploading from /home/ubuntu/taskdata/output/calib_full_out.nc to projects/aust_covid/alternate_analyses/2023-10-14T1058-none-d20k-t10k-b5k/output/calib_full_out.nc
2023-10-14 13:29:21 ip-172-31-14-18 INFO Uploading from /home/ubuntu/taskdata/log/task.log to projects/aust_covid/alternate_analyses/2023-10-14T1058-none-d20k-t10k-b5k/log/task.log
