2023-11-02 11:04:39 ip-172-31-17-126 INFO Running AuTuMN task
2023-11-02 11:04:51 ip-172-31-17-126 WARNING Matplotlib is building the font cache; this may take a moment.
2023-11-02 11:05:19 ip-172-31-17-126 INFO generated new fontManager
2023-11-02 11:06:08 ip-172-31-17-126 INFO Unable to initialize backend 'cuda': module 'jaxlib.xla_extension' has no attribute 'GpuAllocatorConfig'
2023-11-02 11:06:08 ip-172-31-17-126 INFO Unable to initialize backend 'rocm': module 'jaxlib.xla_extension' has no attribute 'GpuAllocatorConfig'
2023-11-02 11:06:08 ip-172-31-17-126 INFO Unable to initialize backend 'tpu': INTERNAL: Failed to open libtpu.so: libtpu.so: cannot open shared object file: No such file or directory
2023-11-02 11:07:16 ip-172-31-17-126 INFO Compiling new CVM
2023-11-02 11:07:16 ip-172-31-17-126 INFO New version 0.212
2023-11-02 11:08:05 ip-172-31-17-126 INFO Multiprocess sampling (8 chains in 8 jobs)
2023-11-02 11:08:05 ip-172-31-17-126 INFO DEMetropolisZ: [contact_rate, latent_period, infectious_period, natural_immunity_period, start_cdr, imm_infect_protect, ifr_adjuster, ba1_seed_time, ba2_seed_time, ba5_seed_time, ba2_escape, ba5_escape, ba2_rel_ifr, wa_reopen_period, notifs_mean, deaths_mean, imm_prop, notifications_ma_dispersion, deaths_ma_dispersion]
2023-11-02 15:40:14 ip-172-31-17-126 INFO Sampling 8 chains for 10_000 tune and 50_000 draw iterations (80_000 + 400_000 draws total) took 16327 seconds.
2023-11-02 15:40:23 ip-172-31-17-126 INFO The rhat statistic is larger than 1.01 for some parameters. This indicates problems during sampling. See https://arxiv.org/abs/1903.08008 for details
2023-11-02 15:40:23 ip-172-31-17-126 ERROR The effective sample size per chain is smaller than 100 for some parameters.  A higher number is needed for reliable rhat and ess computation. See https://arxiv.org/abs/1903.08008 for details
2023-11-02 15:58:02 ip-172-31-17-126 INFO Calibration complete
2023-11-02 15:58:02 ip-172-31-17-126 INFO Task completed
2023-11-02 15:58:02 ip-172-31-17-126 INFO Uploading from /home/ubuntu/taskdata/log/task.log to projects/aust_covid/alternate_analyses/2023-11-02T1101-none-d50k-t10k-b5k/log/task.log
2023-11-02 15:58:02 ip-172-31-17-126 INFO Uploading from /home/ubuntu/taskdata/output/results.hdf to projects/aust_covid/alternate_analyses/2023-11-02T1101-none-d50k-t10k-b5k/output/results.hdf
2023-11-02 15:58:03 ip-172-31-17-126 INFO Uploading from /home/ubuntu/taskdata/output/calib_extract_out.h5 to projects/aust_covid/alternate_analyses/2023-11-02T1101-none-d50k-t10k-b5k/output/calib_extract_out.h5
2023-11-02 15:58:03 ip-172-31-17-126 INFO Uploading from /home/ubuntu/taskdata/output/calib_full_out.nc to projects/aust_covid/alternate_analyses/2023-11-02T1101-none-d50k-t10k-b5k/output/calib_full_out.nc
2023-11-02 15:58:03 ip-172-31-17-126 INFO Uploading from /home/ubuntu/taskdata/log/task.log to projects/aust_covid/alternate_analyses/2023-11-02T1101-none-d50k-t10k-b5k/log/task.log
